<html>
<head>
<title>TestNG:  Test1</title>
<link href="../testng.css" rel="stylesheet" type="text/css" />
<link href="../my-testng.css" rel="stylesheet" type="text/css" />

<style type="text/css">
.log { display: none;} 
.stack-trace { display: none;} 
</style>
<script type="text/javascript">
<!--
function flip(e) {
  current = e.style.display;
  if (current == 'block') {
    e.style.display = 'none';
    return 0;
  }
  else {
    e.style.display = 'block';
    return 1;
  }
}

function toggleBox(szDivId, elem, msg1, msg2)
{
  var res = -1;  if (document.getElementById) {
    res = flip(document.getElementById(szDivId));
  }
  else if (document.all) {
    // this is the way old msie versions work
    res = flip(document.all[szDivId]);
  }
  if(elem) {
    if(res == 0) elem.innerHTML = msg1; else elem.innerHTML = msg2;
  }

}

function toggleAllBoxes() {
  if (document.getElementsByTagName) {
    d = document.getElementsByTagName('div');
    for (i = 0; i < d.length; i++) {
      if (d[i].className == 'log') {
        flip(d[i]);
      }
    }
  }
}

// -->
</script>

</head>
<body>
<h2 align='center'>Test1</h2><table border='1' align="center">
<tr>
<td>Tests passed/Failed/Skipped:</td><td>0/1/5</td>
</tr><tr>
<td>Started on:</td><td>Mon May 22 20:39:23 IST 2017</td>
</tr>
<tr><td>Total time:</td><td>61 seconds (61630 ms)</td>
</tr><tr>
<td>Included groups:</td><td></td>
</tr><tr>
<td>Excluded groups:</td><td></td>
</tr>
</table><p/>
<small><i>(Hover the method name to see the test class name)</i></small><p/>
<table width='100%' border='1' class='invocation-failed'>
<tr><td colspan='4' align='center'><b>FAILED CONFIGURATIONS</b></td></tr>
<tr><td><b>Test method</b></td>
<td width="30%"><b>Exception</b></td>
<td width="10%"><b>Time (seconds)</b></td>
<td><b>Instance</b></td>
</tr>
<tr>
<td title='make_my_trip.MMT_TestNGaa.Flush()'><b>Flush</b><br>Test class: make_my_trip.MMT_TestNGaa<br>Parameters: [TestResult name=Launch status=FAILURE method=MMT_TestNGaa.Launch()[pri:0, instance:make_my_trip.MMT_TestNGaa@5cb9f472] output={null}]</td>
<td><div><pre>java.lang.NullPointerException
	at make_my_trip.Function_libraries.Screen_Report(Function_libraries.java:109)
	at make_my_trip.MMT_TestNGaa.Flush(MMT_TestNGaa.java:365)
	at java.util.concurrent.FutureTask.run(Unknown Source)
	at java.util.concurrent.ThreadPoolExecutor.runWorker(Unknown Source)
	at java.util.concurrent.ThreadPoolExecutor$Worker.run(Unknown Source)
	at java.lang.Thread.run(Unknown Source)
... Removed 18 stack frames</pre></div><a href='#' onClick='toggleBox("stack-trace320666169", this, "Click to show all stack frames", "Click to hide stack frames")'>Click to show all stack frames</a>
<div class='stack-trace' id='stack-trace320666169'><pre>java.lang.NullPointerException
	at make_my_trip.Function_libraries.Screen_Report(Function_libraries.java:109)
	at make_my_trip.MMT_TestNGaa.Flush(MMT_TestNGaa.java:365)
	at sun.reflect.NativeMethodAccessorImpl.invoke0(Native Method)
	at sun.reflect.NativeMethodAccessorImpl.invoke(Unknown Source)
	at sun.reflect.DelegatingMethodAccessorImpl.invoke(Unknown Source)
	at java.lang.reflect.Method.invoke(Unknown Source)
	at org.testng.internal.MethodInvocationHelper.invokeMethod(MethodInvocationHelper.java:108)
	at org.testng.internal.Invoker.invokeConfigurationMethod(Invoker.java:523)
	at org.testng.internal.Invoker.invokeConfigurations(Invoker.java:224)
	at org.testng.internal.Invoker.invokeMethod(Invoker.java:723)
	at org.testng.internal.Invoker.invokeTestMethod(Invoker.java:869)
	at org.testng.internal.Invoker.invokeTestMethods(Invoker.java:1193)
	at org.testng.internal.TestMethodWorker.invokeTestMethods(TestMethodWorker.java:126)
	at org.testng.internal.TestMethodWorker.run(TestMethodWorker.java:109)
	at org.testng.TestRunner.privateRun(TestRunner.java:744)
	at org.testng.TestRunner.run(TestRunner.java:602)
	at org.testng.SuiteRunner.runTest(SuiteRunner.java:380)
	at org.testng.SuiteRunner.access$000(SuiteRunner.java:39)
	at org.testng.SuiteRunner$SuiteWorker.run(SuiteRunner.java:414)
	at org.testng.internal.thread.ThreadUtil$1.call(ThreadUtil.java:52)
	at java.util.concurrent.FutureTask.run(Unknown Source)
	at java.util.concurrent.ThreadPoolExecutor.runWorker(Unknown Source)
	at java.util.concurrent.ThreadPoolExecutor$Worker.run(Unknown Source)
	at java.lang.Thread.run(Unknown Source)
</pre></div></td>
<td>0</td>
<td>make_my_trip.MMT_TestNGaa@5cb9f472</td></tr>
</table><p>
<table width='100%' border='1' class='invocation-skipped'>
<tr><td colspan='4' align='center'><b>SKIPPED CONFIGURATIONS</b></td></tr>
<tr><td><b>Test method</b></td>
<td width="30%"><b>Exception</b></td>
<td width="10%"><b>Time (seconds)</b></td>
<td><b>Instance</b></td>
</tr>
<tr>
<td title='make_my_trip.MMT_TestNGaa.Close()'><b>Close</b><br>Test class: make_my_trip.MMT_TestNGaa</td>
<td></td>
<td>0</td>
<td>make_my_trip.MMT_TestNGaa@5cb9f472</td></tr>
</table><p>
<table width='100%' border='1' class='invocation-failed'>
<tr><td colspan='4' align='center'><b>FAILED TESTS</b></td></tr>
<tr><td><b>Test method</b></td>
<td width="30%"><b>Exception</b></td>
<td width="10%"><b>Time (seconds)</b></td>
<td><b>Instance</b></td>
</tr>
<tr>
<td title='make_my_trip.MMT_TestNGaa.Launch()'><b>Launch</b><br>Test class: make_my_trip.MMT_TestNGaa</td>
<td><div><pre>org.openqa.selenium.WebDriverException: Failed to connect to binary FirefoxBinary(C:\Program Files\Mozilla Firefox\firefox.exe) on port 7055; process output follows: 
tkdPQA&quot;,&quot;location&quot;:&quot;winreg-app-global&quot;,&quot;version&quot;:&quot;5.0.540.0&quot;,&quot;type&quot;:&quot;extension&quot;,&quot;internalName&quot;:null,&quot;updateURL&quot;:null,&quot;updateKey&quot;:null,&quot;optionsURL&quot;:null,&quot;optionsType&quot;:null,&quot;aboutURL&quot;:null,&quot;icons&quot;:{},&quot;iconURL&quot;:&quot;chrome://saff/content/siteadvisor.gif&quot;,&quot;icon64URL&quot;:null,&quot;defaultLocale&quot;:{&quot;name&quot;:&quot;McAfee WebAdvisor&quot;,&quot;description&quot;:null,&quot;creator&quot;:&quot;McAfee Inc.&quot;,&quot;homepageURL&quot;:&quot;http://www.siteadvisor.com/&quot;},&quot;visible&quot;:true,&quot;active&quot;:false,&quot;userDisabled&quot;:true,&quot;appDisabled&quot;:false,&quot;descriptor&quot;:&quot;C:\\Program Files (x86)\\McAfee\\SiteAdvisor\\saffplg.xpi&quot;,&quot;installDate&quot;:1493028664523,&quot;updateDate&quot;:1493028664523,&quot;applyBackgroundUpdates&quot;:1,&quot;bootstrap&quot;:false,&quot;skinnable&quot;:false,&quot;size&quot;:319772,&quot;sourceURI&quot;:null,&quot;releaseNotesURI&quot;:null,&quot;softDisabled&quot;:false,&quot;foreignInstall&quot;:true,&quot;hasBinaryComponents&quot;:false,&quot;strictCompatibility&quot;:false,&quot;locales&quot;:[],&quot;targetApplications&quot;:[{&quot;id&quot;:&quot;{ec8030f7-c20a-464f-9b0e-13a3a9e97384}&quot;,&quot;minVersion&quot;:&quot;26.0&quot;,&quot;maxVersion&quot;:&quot;51.*&quot;}],&quot;targetPlatforms&quot;:[],&quot;multiprocessCompatible&quot;:false,&quot;signedState&quot;:2,&quot;seen&quot;:true}
1495465774658	DeferredSave.extensions.json	DEBUG	Save changes
1495465774658	addons.xpi	DEBUG	Updating database with changes to installed add-ons
1495465774658	addons.xpi-utils	DEBUG	Updating add-on states
1495465774660	addons.xpi-utils	DEBUG	Writing add-ons list
1495465774664	addons.xpi	DEBUG	Registering manifest for C:\Program Files\Mozilla Firefox\browser\features\e10srollout@mozilla.org.xpi
1495465774665	addons.xpi	DEBUG	Calling bootstrap method startup on e10srollout@mozilla.org version 1.0
1495465774665	addons.xpi	DEBUG	Registering manifest for C:\Program Files\Mozilla Firefox\browser\features\firefox@getpocket.com.xpi
1495465774666	addons.xpi	DEBUG	Calling bootstrap method startup on firefox@getpocket.com version 1.0.2
1495465774667	addons.xpi	DEBUG	Registering manifest for C:\Program Files\Mozilla Firefox\browser\features\loop@mozilla.org.xpi
1495465774668	addons.xpi	DEBUG	Calling bootstrap method startup on loop@mozilla.org version 1.3.2
1495465774688	addons.manager	DEBUG	Registering shutdown blocker for XPIProvider
1495465774688	addons.manager	DEBUG	Provider finished startup: XPIProvider
1495465774688	addons.manager	DEBUG	Starting provider: LightweightThemeManager
1495465774688	addons.manager	DEBUG	Registering shutdown blocker for LightweightThemeManager
1495465774688	addons.manager	DEBUG	Provider finished startup: LightweightThemeManager
1495465774689	addons.manager	DEBUG	Starting provider: GMPProvider
1495465774694	addons.manager	DEBUG	Registering shutdown blocker for GMPProvider
1495465774694	addons.manager	DEBUG	Provider finished startup: GMPProvider
1495465774694	addons.manager	DEBUG	Starting provider: PluginProvider
1495465774694	addons.manager	DEBUG	Registering shutdown blocker for PluginProvider
1495465774694	addons.manager	DEBUG	Provider finished startup: PluginProvider
1495465774695	addons.manager	DEBUG	Completed startup sequence
1495465782562	addons.manager	DEBUG	Starting provider: &lt;unnamed-provider&gt;
1495465782562	addons.manager	DEBUG	Registering shutdown blocker for &lt;unnamed-provider&gt;
1495465782563	addons.manager	DEBUG	Provider finished startup: &lt;unnamed-provider&gt;
1495465800335	DeferredSave.extensions.json	DEBUG	Write succeeded
1495465800336	addons.xpi-utils	DEBUG	XPI Database saved, setting schema version preference to 17
1495465800337	DeferredSave.extensions.json	DEBUG	Starting timer
1495465800360	DeferredSave.extensions.json	DEBUG	Starting write
1495465800365	addons.repository	DEBUG	No addons.json found.
1495465800450	DeferredSave.addons.json	DEBUG	Save changes
1495465800871	DeferredSave.addons.json	DEBUG	Starting timer
1495465802118	addons.manager	DEBUG	Starting provider: PreviousExperimentProvider
1495465802118	addons.manager	DEBUG	Registering shutdown blocker for PreviousExperimentProvider
1495465802119	addons.manager	DEBUG	Provider finished startup: PreviousExperimentProvider
1495465802121	DeferredSave.addons.json	DEBUG	Starting write
1495465802171	DeferredSave.extensions.json	DEBUG	Write succeeded
1495465803975	DeferredSave.addons.json	DEBUG	Write succeeded

Build info: version: &apos;2.53.1&apos;, revision: &apos;a36b8b1&apos;, time: &apos;2016-06-30 17:32:46&apos;
System info: host: &apos;iDeliver8&apos;, ip: &apos;192.168.1.24&apos;, os.name: &apos;Windows 7&apos;, os.arch: &apos;amd64&apos;, os.version: &apos;6.1&apos;, java.version: &apos;1.8.0&apos;
Driver info: driver.version: FirefoxDriver
	at org.openqa.selenium.firefox.internal.NewProfileExtensionConnection.start(NewProfileExtensionConnection.java:124)
	at org.openqa.selenium.firefox.FirefoxDriver.startClient(FirefoxDriver.java:271)
	at org.openqa.selenium.remote.RemoteWebDriver.&lt;init&gt;(RemoteWebDriver.java:119)
	at org.openqa.selenium.firefox.FirefoxDriver.&lt;init&gt;(FirefoxDriver.java:218)
	at org.openqa.selenium.firefox.FirefoxDriver.&lt;init&gt;(FirefoxDriver.java:211)
	at org.openqa.selenium.firefox.FirefoxDriver.&lt;init&gt;(FirefoxDriver.java:207)
	at org.openqa.selenium.firefox.FirefoxDriver.&lt;init&gt;(FirefoxDriver.java:120)
	at make_my_trip.Function_libraries.getBrowser(Function_libraries.java:51)
	at make_my_trip.MMT_TestNGaa.Launch(MMT_TestNGaa.java:69)
	at java.util.concurrent.FutureTask.run(Unknown Source)
	at java.util.concurrent.ThreadPoolExecutor.runWorker(Unknown Source)
	at java.util.concurrent.ThreadPoolExecutor$Worker.run(Unknown Source)
	at java.lang.Thread.run(Unknown Source)
Caused by: org.openqa.selenium.firefox.NotConnectedException: Unable to connect to host 127.0.0.1 on port 7055 after 45000 ms. Firefox console output:
tkdPQA&quot;,&quot;location&quot;:&quot;winreg-app-global&quot;,&quot;version&quot;:&quot;5.0.540.0&quot;,&quot;type&quot;:&quot;extension&quot;,&quot;internalName&quot;:null,&quot;updateURL&quot;:null,&quot;updateKey&quot;:null,&quot;optionsURL&quot;:null,&quot;optionsType&quot;:null,&quot;aboutURL&quot;:null,&quot;icons&quot;:{},&quot;iconURL&quot;:&quot;chrome://saff/content/siteadvisor.gif&quot;,&quot;icon64URL&quot;:null,&quot;defaultLocale&quot;:{&quot;name&quot;:&quot;McAfee WebAdvisor&quot;,&quot;description&quot;:null,&quot;creator&quot;:&quot;McAfee Inc.&quot;,&quot;homepageURL&quot;:&quot;http://www.siteadvisor.com/&quot;},&quot;visible&quot;:true,&quot;active&quot;:false,&quot;userDisabled&quot;:true,&quot;appDisabled&quot;:false,&quot;descriptor&quot;:&quot;C:\\Program Files (x86)\\McAfee\\SiteAdvisor\\saffplg.xpi&quot;,&quot;installDate&quot;:1493028664523,&quot;updateDate&quot;:1493028664523,&quot;applyBackgroundUpdates&quot;:1,&quot;bootstrap&quot;:false,&quot;skinnable&quot;:false,&quot;size&quot;:319772,&quot;sourceURI&quot;:null,&quot;releaseNotesURI&quot;:null,&quot;softDisabled&quot;:false,&quot;foreignInstall&quot;:true,&quot;hasBinaryComponents&quot;:false,&quot;strictCompatibility&quot;:false,&quot;locales&quot;:[],&quot;targetApplications&quot;:[{&quot;id&quot;:&quot;{ec8030f7-c20a-464f-9b0e-13a3a9e97384}&quot;,&quot;minVersion&quot;:&quot;26.0&quot;,&quot;maxVersion&quot;:&quot;51.*&quot;}],&quot;targetPlatforms&quot;:[],&quot;multiprocessCompatible&quot;:false,&quot;signedState&quot;:2,&quot;seen&quot;:true}
1495465774658	DeferredSave.extensions.json	DEBUG	Save changes
1495465774658	addons.xpi	DEBUG	Updating database with changes to installed add-ons
1495465774658	addons.xpi-utils	DEBUG	Updating add-on states
1495465774660	addons.xpi-utils	DEBUG	Writing add-ons list
1495465774664	addons.xpi	DEBUG	Registering manifest for C:\Program Files\Mozilla Firefox\browser\features\e10srollout@mozilla.org.xpi
1495465774665	addons.xpi	DEBUG	Calling bootstrap method startup on e10srollout@mozilla.org version 1.0
1495465774665	addons.xpi	DEBUG	Registering manifest for C:\Program Files\Mozilla Firefox\browser\features\firefox@getpocket.com.xpi
1495465774666	addons.xpi	DEBUG	Calling bootstrap method startup on firefox@getpocket.com version 1.0.2
1495465774667	addons.xpi	DEBUG	Registering manifest for C:\Program Files\Mozilla Firefox\browser\features\loop@mozilla.org.xpi
1495465774668	addons.xpi	DEBUG	Calling bootstrap method startup on loop@mozilla.org version 1.3.2
1495465774688	addons.manager	DEBUG	Registering shutdown blocker for XPIProvider
1495465774688	addons.manager	DEBUG	Provider finished startup: XPIProvider
1495465774688	addons.manager	DEBUG	Starting provider: LightweightThemeManager
1495465774688	addons.manager	DEBUG	Registering shutdown blocker for LightweightThemeManager
1495465774688	addons.manager	DEBUG	Provider finished startup: LightweightThemeManager
1495465774689	addons.manager	DEBUG	Starting provider: GMPProvider
1495465774694	addons.manager	DEBUG	Registering shutdown blocker for GMPProvider
1495465774694	addons.manager	DEBUG	Provider finished startup: GMPProvider
1495465774694	addons.manager	DEBUG	Starting provider: PluginProvider
1495465774694	addons.manager	DEBUG	Registering shutdown blocker for PluginProvider
1495465774694	addons.manager	DEBUG	Provider finished startup: PluginProvider
1495465774695	addons.manager	DEBUG	Completed startup sequence
1495465782562	addons.manager	DEBUG	Starting provider: &lt;unnamed-provider&gt;
1495465782562	addons.manager	DEBUG	Registering shutdown blocker for &lt;unnamed-provider&gt;
1495465782563	addons.manager	DEBUG	Provider finished startup: &lt;unnamed-provider&gt;
1495465800335	DeferredSave.extensions.json	DEBUG	Write succeeded
1495465800336	addons.xpi-utils	DEBUG	XPI Database saved, setting schema version preference to 17
1495465800337	DeferredSave.extensions.json	DEBUG	Starting timer
1495465800360	DeferredSave.extensions.json	DEBUG	Starting write
1495465800365	addons.repository	DEBUG	No addons.json found.
1495465800450	DeferredSave.addons.json	DEBUG	Save changes
1495465800871	DeferredSave.addons.json	DEBUG	Starting timer
1495465802118	addons.manager	DEBUG	Starting provider: PreviousExperimentProvider
1495465802118	addons.manager	DEBUG	Registering shutdown blocker for PreviousExperimentProvider
1495465802119	addons.manager	DEBUG	Provider finished startup: PreviousExperimentProvider
1495465802121	DeferredSave.addons.json	DEBUG	Starting write
1495465802171	DeferredSave.extensions.json	DEBUG	Write succeeded
1495465803975	DeferredSave.addons.json	DEBUG	Write succeeded

	at org.openqa.selenium.firefox.internal.NewProfileExtensionConnection.start(NewProfileExtensionConnection.java:112)
	... 28 more
... Removed 16 stack frames</pre></div><a href='#' onClick='toggleBox("stack-trace1781070545", this, "Click to show all stack frames", "Click to hide stack frames")'>Click to show all stack frames</a>
<div class='stack-trace' id='stack-trace1781070545'><pre>org.openqa.selenium.WebDriverException: Failed to connect to binary FirefoxBinary(C:\Program Files\Mozilla Firefox\firefox.exe) on port 7055; process output follows: 
tkdPQA&quot;,&quot;location&quot;:&quot;winreg-app-global&quot;,&quot;version&quot;:&quot;5.0.540.0&quot;,&quot;type&quot;:&quot;extension&quot;,&quot;internalName&quot;:null,&quot;updateURL&quot;:null,&quot;updateKey&quot;:null,&quot;optionsURL&quot;:null,&quot;optionsType&quot;:null,&quot;aboutURL&quot;:null,&quot;icons&quot;:{},&quot;iconURL&quot;:&quot;chrome://saff/content/siteadvisor.gif&quot;,&quot;icon64URL&quot;:null,&quot;defaultLocale&quot;:{&quot;name&quot;:&quot;McAfee WebAdvisor&quot;,&quot;description&quot;:null,&quot;creator&quot;:&quot;McAfee Inc.&quot;,&quot;homepageURL&quot;:&quot;http://www.siteadvisor.com/&quot;},&quot;visible&quot;:true,&quot;active&quot;:false,&quot;userDisabled&quot;:true,&quot;appDisabled&quot;:false,&quot;descriptor&quot;:&quot;C:\\Program Files (x86)\\McAfee\\SiteAdvisor\\saffplg.xpi&quot;,&quot;installDate&quot;:1493028664523,&quot;updateDate&quot;:1493028664523,&quot;applyBackgroundUpdates&quot;:1,&quot;bootstrap&quot;:false,&quot;skinnable&quot;:false,&quot;size&quot;:319772,&quot;sourceURI&quot;:null,&quot;releaseNotesURI&quot;:null,&quot;softDisabled&quot;:false,&quot;foreignInstall&quot;:true,&quot;hasBinaryComponents&quot;:false,&quot;strictCompatibility&quot;:false,&quot;locales&quot;:[],&quot;targetApplications&quot;:[{&quot;id&quot;:&quot;{ec8030f7-c20a-464f-9b0e-13a3a9e97384}&quot;,&quot;minVersion&quot;:&quot;26.0&quot;,&quot;maxVersion&quot;:&quot;51.*&quot;}],&quot;targetPlatforms&quot;:[],&quot;multiprocessCompatible&quot;:false,&quot;signedState&quot;:2,&quot;seen&quot;:true}
1495465774658	DeferredSave.extensions.json	DEBUG	Save changes
1495465774658	addons.xpi	DEBUG	Updating database with changes to installed add-ons
1495465774658	addons.xpi-utils	DEBUG	Updating add-on states
1495465774660	addons.xpi-utils	DEBUG	Writing add-ons list
1495465774664	addons.xpi	DEBUG	Registering manifest for C:\Program Files\Mozilla Firefox\browser\features\e10srollout@mozilla.org.xpi
1495465774665	addons.xpi	DEBUG	Calling bootstrap method startup on e10srollout@mozilla.org version 1.0
1495465774665	addons.xpi	DEBUG	Registering manifest for C:\Program Files\Mozilla Firefox\browser\features\firefox@getpocket.com.xpi
1495465774666	addons.xpi	DEBUG	Calling bootstrap method startup on firefox@getpocket.com version 1.0.2
1495465774667	addons.xpi	DEBUG	Registering manifest for C:\Program Files\Mozilla Firefox\browser\features\loop@mozilla.org.xpi
1495465774668	addons.xpi	DEBUG	Calling bootstrap method startup on loop@mozilla.org version 1.3.2
1495465774688	addons.manager	DEBUG	Registering shutdown blocker for XPIProvider
1495465774688	addons.manager	DEBUG	Provider finished startup: XPIProvider
1495465774688	addons.manager	DEBUG	Starting provider: LightweightThemeManager
1495465774688	addons.manager	DEBUG	Registering shutdown blocker for LightweightThemeManager
1495465774688	addons.manager	DEBUG	Provider finished startup: LightweightThemeManager
1495465774689	addons.manager	DEBUG	Starting provider: GMPProvider
1495465774694	addons.manager	DEBUG	Registering shutdown blocker for GMPProvider
1495465774694	addons.manager	DEBUG	Provider finished startup: GMPProvider
1495465774694	addons.manager	DEBUG	Starting provider: PluginProvider
1495465774694	addons.manager	DEBUG	Registering shutdown blocker for PluginProvider
1495465774694	addons.manager	DEBUG	Provider finished startup: PluginProvider
1495465774695	addons.manager	DEBUG	Completed startup sequence
1495465782562	addons.manager	DEBUG	Starting provider: &lt;unnamed-provider&gt;
1495465782562	addons.manager	DEBUG	Registering shutdown blocker for &lt;unnamed-provider&gt;
1495465782563	addons.manager	DEBUG	Provider finished startup: &lt;unnamed-provider&gt;
1495465800335	DeferredSave.extensions.json	DEBUG	Write succeeded
1495465800336	addons.xpi-utils	DEBUG	XPI Database saved, setting schema version preference to 17
1495465800337	DeferredSave.extensions.json	DEBUG	Starting timer
1495465800360	DeferredSave.extensions.json	DEBUG	Starting write
1495465800365	addons.repository	DEBUG	No addons.json found.
1495465800450	DeferredSave.addons.json	DEBUG	Save changes
1495465800871	DeferredSave.addons.json	DEBUG	Starting timer
1495465802118	addons.manager	DEBUG	Starting provider: PreviousExperimentProvider
1495465802118	addons.manager	DEBUG	Registering shutdown blocker for PreviousExperimentProvider
1495465802119	addons.manager	DEBUG	Provider finished startup: PreviousExperimentProvider
1495465802121	DeferredSave.addons.json	DEBUG	Starting write
1495465802171	DeferredSave.extensions.json	DEBUG	Write succeeded
1495465803975	DeferredSave.addons.json	DEBUG	Write succeeded

Build info: version: &apos;2.53.1&apos;, revision: &apos;a36b8b1&apos;, time: &apos;2016-06-30 17:32:46&apos;
System info: host: &apos;iDeliver8&apos;, ip: &apos;192.168.1.24&apos;, os.name: &apos;Windows 7&apos;, os.arch: &apos;amd64&apos;, os.version: &apos;6.1&apos;, java.version: &apos;1.8.0&apos;
Driver info: driver.version: FirefoxDriver
	at org.openqa.selenium.firefox.internal.NewProfileExtensionConnection.start(NewProfileExtensionConnection.java:124)
	at org.openqa.selenium.firefox.FirefoxDriver.startClient(FirefoxDriver.java:271)
	at org.openqa.selenium.remote.RemoteWebDriver.&lt;init&gt;(RemoteWebDriver.java:119)
	at org.openqa.selenium.firefox.FirefoxDriver.&lt;init&gt;(FirefoxDriver.java:218)
	at org.openqa.selenium.firefox.FirefoxDriver.&lt;init&gt;(FirefoxDriver.java:211)
	at org.openqa.selenium.firefox.FirefoxDriver.&lt;init&gt;(FirefoxDriver.java:207)
	at org.openqa.selenium.firefox.FirefoxDriver.&lt;init&gt;(FirefoxDriver.java:120)
	at make_my_trip.Function_libraries.getBrowser(Function_libraries.java:51)
	at make_my_trip.MMT_TestNGaa.Launch(MMT_TestNGaa.java:69)
	at sun.reflect.NativeMethodAccessorImpl.invoke0(Native Method)
	at sun.reflect.NativeMethodAccessorImpl.invoke(Unknown Source)
	at sun.reflect.DelegatingMethodAccessorImpl.invoke(Unknown Source)
	at java.lang.reflect.Method.invoke(Unknown Source)
	at org.testng.internal.MethodInvocationHelper.invokeMethod(MethodInvocationHelper.java:108)
	at org.testng.internal.Invoker.invokeMethod(Invoker.java:661)
	at org.testng.internal.Invoker.invokeTestMethod(Invoker.java:869)
	at org.testng.internal.Invoker.invokeTestMethods(Invoker.java:1193)
	at org.testng.internal.TestMethodWorker.invokeTestMethods(TestMethodWorker.java:126)
	at org.testng.internal.TestMethodWorker.run(TestMethodWorker.java:109)
	at org.testng.TestRunner.privateRun(TestRunner.java:744)
	at org.testng.TestRunner.run(TestRunner.java:602)
	at org.testng.SuiteRunner.runTest(SuiteRunner.java:380)
	at org.testng.SuiteRunner.access$000(SuiteRunner.java:39)
	at org.testng.SuiteRunner$SuiteWorker.run(SuiteRunner.java:414)
	at org.testng.internal.thread.ThreadUtil$1.call(ThreadUtil.java:52)
	at java.util.concurrent.FutureTask.run(Unknown Source)
	at java.util.concurrent.ThreadPoolExecutor.runWorker(Unknown Source)
	at java.util.concurrent.ThreadPoolExecutor$Worker.run(Unknown Source)
	at java.lang.Thread.run(Unknown Source)
Caused by: org.openqa.selenium.firefox.NotConnectedException: Unable to connect to host 127.0.0.1 on port 7055 after 45000 ms. Firefox console output:
tkdPQA&quot;,&quot;location&quot;:&quot;winreg-app-global&quot;,&quot;version&quot;:&quot;5.0.540.0&quot;,&quot;type&quot;:&quot;extension&quot;,&quot;internalName&quot;:null,&quot;updateURL&quot;:null,&quot;updateKey&quot;:null,&quot;optionsURL&quot;:null,&quot;optionsType&quot;:null,&quot;aboutURL&quot;:null,&quot;icons&quot;:{},&quot;iconURL&quot;:&quot;chrome://saff/content/siteadvisor.gif&quot;,&quot;icon64URL&quot;:null,&quot;defaultLocale&quot;:{&quot;name&quot;:&quot;McAfee WebAdvisor&quot;,&quot;description&quot;:null,&quot;creator&quot;:&quot;McAfee Inc.&quot;,&quot;homepageURL&quot;:&quot;http://www.siteadvisor.com/&quot;},&quot;visible&quot;:true,&quot;active&quot;:false,&quot;userDisabled&quot;:true,&quot;appDisabled&quot;:false,&quot;descriptor&quot;:&quot;C:\\Program Files (x86)\\McAfee\\SiteAdvisor\\saffplg.xpi&quot;,&quot;installDate&quot;:1493028664523,&quot;updateDate&quot;:1493028664523,&quot;applyBackgroundUpdates&quot;:1,&quot;bootstrap&quot;:false,&quot;skinnable&quot;:false,&quot;size&quot;:319772,&quot;sourceURI&quot;:null,&quot;releaseNotesURI&quot;:null,&quot;softDisabled&quot;:false,&quot;foreignInstall&quot;:true,&quot;hasBinaryComponents&quot;:false,&quot;strictCompatibility&quot;:false,&quot;locales&quot;:[],&quot;targetApplications&quot;:[{&quot;id&quot;:&quot;{ec8030f7-c20a-464f-9b0e-13a3a9e97384}&quot;,&quot;minVersion&quot;:&quot;26.0&quot;,&quot;maxVersion&quot;:&quot;51.*&quot;}],&quot;targetPlatforms&quot;:[],&quot;multiprocessCompatible&quot;:false,&quot;signedState&quot;:2,&quot;seen&quot;:true}
1495465774658	DeferredSave.extensions.json	DEBUG	Save changes
1495465774658	addons.xpi	DEBUG	Updating database with changes to installed add-ons
1495465774658	addons.xpi-utils	DEBUG	Updating add-on states
1495465774660	addons.xpi-utils	DEBUG	Writing add-ons list
1495465774664	addons.xpi	DEBUG	Registering manifest for C:\Program Files\Mozilla Firefox\browser\features\e10srollout@mozilla.org.xpi
1495465774665	addons.xpi	DEBUG	Calling bootstrap method startup on e10srollout@mozilla.org version 1.0
1495465774665	addons.xpi	DEBUG	Registering manifest for C:\Program Files\Mozilla Firefox\browser\features\firefox@getpocket.com.xpi
1495465774666	addons.xpi	DEBUG	Calling bootstrap method startup on firefox@getpocket.com version 1.0.2
1495465774667	addons.xpi	DEBUG	Registering manifest for C:\Program Files\Mozilla Firefox\browser\features\loop@mozilla.org.xpi
1495465774668	addons.xpi	DEBUG	Calling bootstrap method startup on loop@mozilla.org version 1.3.2
1495465774688	addons.manager	DEBUG	Registering shutdown blocker for XPIProvider
1495465774688	addons.manager	DEBUG	Provider finished startup: XPIProvider
1495465774688	addons.manager	DEBUG	Starting provider: LightweightThemeManager
1495465774688	addons.manager	DEBUG	Registering shutdown blocker for LightweightThemeManager
1495465774688	addons.manager	DEBUG	Provider finished startup: LightweightThemeManager
1495465774689	addons.manager	DEBUG	Starting provider: GMPProvider
1495465774694	addons.manager	DEBUG	Registering shutdown blocker for GMPProvider
1495465774694	addons.manager	DEBUG	Provider finished startup: GMPProvider
1495465774694	addons.manager	DEBUG	Starting provider: PluginProvider
1495465774694	addons.manager	DEBUG	Registering shutdown blocker for PluginProvider
1495465774694	addons.manager	DEBUG	Provider finished startup: PluginProvider
1495465774695	addons.manager	DEBUG	Completed startup sequence
1495465782562	addons.manager	DEBUG	Starting provider: &lt;unnamed-provider&gt;
1495465782562	addons.manager	DEBUG	Registering shutdown blocker for &lt;unnamed-provider&gt;
1495465782563	addons.manager	DEBUG	Provider finished startup: &lt;unnamed-provider&gt;
1495465800335	DeferredSave.extensions.json	DEBUG	Write succeeded
1495465800336	addons.xpi-utils	DEBUG	XPI Database saved, setting schema version preference to 17
1495465800337	DeferredSave.extensions.json	DEBUG	Starting timer
1495465800360	DeferredSave.extensions.json	DEBUG	Starting write
1495465800365	addons.repository	DEBUG	No addons.json found.
1495465800450	DeferredSave.addons.json	DEBUG	Save changes
1495465800871	DeferredSave.addons.json	DEBUG	Starting timer
1495465802118	addons.manager	DEBUG	Starting provider: PreviousExperimentProvider
1495465802118	addons.manager	DEBUG	Registering shutdown blocker for PreviousExperimentProvider
1495465802119	addons.manager	DEBUG	Provider finished startup: PreviousExperimentProvider
1495465802121	DeferredSave.addons.json	DEBUG	Starting write
1495465802171	DeferredSave.extensions.json	DEBUG	Write succeeded
1495465803975	DeferredSave.addons.json	DEBUG	Write succeeded

	at org.openqa.selenium.firefox.internal.NewProfileExtensionConnection.start(NewProfileExtensionConnection.java:112)
	... 28 more
</pre></div></td>
<td>61</td>
<td>make_my_trip.MMT_TestNGaa@5cb9f472</td></tr>
</table><p>
<table width='100%' border='1' class='invocation-skipped'>
<tr><td colspan='4' align='center'><b>SKIPPED TESTS</b></td></tr>
<tr><td><b>Test method</b></td>
<td width="30%"><b>Exception</b></td>
<td width="10%"><b>Time (seconds)</b></td>
<td><b>Instance</b></td>
</tr>
<tr>
<td title='make_my_trip.MMT_TestNGaa.Fare_check()'><b>Fare_check</b><br>Test class: make_my_trip.MMT_TestNGaa</td>
<td><div><pre>java.lang.NullPointerException
	at make_my_trip.Function_libraries.Screen_Report(Function_libraries.java:109)
	at make_my_trip.MMT_TestNGaa.Flush(MMT_TestNGaa.java:365)
	at java.util.concurrent.FutureTask.run(Unknown Source)
	at java.util.concurrent.ThreadPoolExecutor.runWorker(Unknown Source)
	at java.util.concurrent.ThreadPoolExecutor$Worker.run(Unknown Source)
	at java.lang.Thread.run(Unknown Source)
... Removed 18 stack frames</pre></div><a href='#' onClick='toggleBox("stack-trace509961014", this, "Click to show all stack frames", "Click to hide stack frames")'>Click to show all stack frames</a>
<div class='stack-trace' id='stack-trace509961014'><pre>java.lang.NullPointerException
	at make_my_trip.Function_libraries.Screen_Report(Function_libraries.java:109)
	at make_my_trip.MMT_TestNGaa.Flush(MMT_TestNGaa.java:365)
	at sun.reflect.NativeMethodAccessorImpl.invoke0(Native Method)
	at sun.reflect.NativeMethodAccessorImpl.invoke(Unknown Source)
	at sun.reflect.DelegatingMethodAccessorImpl.invoke(Unknown Source)
	at java.lang.reflect.Method.invoke(Unknown Source)
	at org.testng.internal.MethodInvocationHelper.invokeMethod(MethodInvocationHelper.java:108)
	at org.testng.internal.Invoker.invokeConfigurationMethod(Invoker.java:523)
	at org.testng.internal.Invoker.invokeConfigurations(Invoker.java:224)
	at org.testng.internal.Invoker.invokeMethod(Invoker.java:723)
	at org.testng.internal.Invoker.invokeTestMethod(Invoker.java:869)
	at org.testng.internal.Invoker.invokeTestMethods(Invoker.java:1193)
	at org.testng.internal.TestMethodWorker.invokeTestMethods(TestMethodWorker.java:126)
	at org.testng.internal.TestMethodWorker.run(TestMethodWorker.java:109)
	at org.testng.TestRunner.privateRun(TestRunner.java:744)
	at org.testng.TestRunner.run(TestRunner.java:602)
	at org.testng.SuiteRunner.runTest(SuiteRunner.java:380)
	at org.testng.SuiteRunner.access$000(SuiteRunner.java:39)
	at org.testng.SuiteRunner$SuiteWorker.run(SuiteRunner.java:414)
	at org.testng.internal.thread.ThreadUtil$1.call(ThreadUtil.java:52)
	at java.util.concurrent.FutureTask.run(Unknown Source)
	at java.util.concurrent.ThreadPoolExecutor.runWorker(Unknown Source)
	at java.util.concurrent.ThreadPoolExecutor$Worker.run(Unknown Source)
	at java.lang.Thread.run(Unknown Source)
</pre></div></td>
<td>0</td>
<td>make_my_trip.MMT_TestNGaa@5cb9f472</td></tr>
<tr>
<td title='make_my_trip.MMT_TestNGaa.Flight_Book()'><b>Flight_Book</b><br>Test class: make_my_trip.MMT_TestNGaa</td>
<td><div><pre>java.lang.NullPointerException
	at make_my_trip.Function_libraries.Screen_Report(Function_libraries.java:109)
	at make_my_trip.MMT_TestNGaa.Flush(MMT_TestNGaa.java:365)
	at java.util.concurrent.FutureTask.run(Unknown Source)
	at java.util.concurrent.ThreadPoolExecutor.runWorker(Unknown Source)
	at java.util.concurrent.ThreadPoolExecutor$Worker.run(Unknown Source)
	at java.lang.Thread.run(Unknown Source)
... Removed 18 stack frames</pre></div><a href='#' onClick='toggleBox("stack-trace1787012949", this, "Click to show all stack frames", "Click to hide stack frames")'>Click to show all stack frames</a>
<div class='stack-trace' id='stack-trace1787012949'><pre>java.lang.NullPointerException
	at make_my_trip.Function_libraries.Screen_Report(Function_libraries.java:109)
	at make_my_trip.MMT_TestNGaa.Flush(MMT_TestNGaa.java:365)
	at sun.reflect.NativeMethodAccessorImpl.invoke0(Native Method)
	at sun.reflect.NativeMethodAccessorImpl.invoke(Unknown Source)
	at sun.reflect.DelegatingMethodAccessorImpl.invoke(Unknown Source)
	at java.lang.reflect.Method.invoke(Unknown Source)
	at org.testng.internal.MethodInvocationHelper.invokeMethod(MethodInvocationHelper.java:108)
	at org.testng.internal.Invoker.invokeConfigurationMethod(Invoker.java:523)
	at org.testng.internal.Invoker.invokeConfigurations(Invoker.java:224)
	at org.testng.internal.Invoker.invokeMethod(Invoker.java:723)
	at org.testng.internal.Invoker.invokeTestMethod(Invoker.java:869)
	at org.testng.internal.Invoker.invokeTestMethods(Invoker.java:1193)
	at org.testng.internal.TestMethodWorker.invokeTestMethods(TestMethodWorker.java:126)
	at org.testng.internal.TestMethodWorker.run(TestMethodWorker.java:109)
	at org.testng.TestRunner.privateRun(TestRunner.java:744)
	at org.testng.TestRunner.run(TestRunner.java:602)
	at org.testng.SuiteRunner.runTest(SuiteRunner.java:380)
	at org.testng.SuiteRunner.access$000(SuiteRunner.java:39)
	at org.testng.SuiteRunner$SuiteWorker.run(SuiteRunner.java:414)
	at org.testng.internal.thread.ThreadUtil$1.call(ThreadUtil.java:52)
	at java.util.concurrent.FutureTask.run(Unknown Source)
	at java.util.concurrent.ThreadPoolExecutor.runWorker(Unknown Source)
	at java.util.concurrent.ThreadPoolExecutor$Worker.run(Unknown Source)
	at java.lang.Thread.run(Unknown Source)
</pre></div></td>
<td>0</td>
<td>make_my_trip.MMT_TestNGaa@5cb9f472</td></tr>
<tr>
<td title='make_my_trip.MMT_TestNGaa.Flight_Search()'><b>Flight_Search</b><br>Test class: make_my_trip.MMT_TestNGaa</td>
<td><div><pre>java.lang.NullPointerException
	at make_my_trip.Function_libraries.Screen_Report(Function_libraries.java:109)
	at make_my_trip.MMT_TestNGaa.Flush(MMT_TestNGaa.java:365)
	at java.util.concurrent.FutureTask.run(Unknown Source)
	at java.util.concurrent.ThreadPoolExecutor.runWorker(Unknown Source)
	at java.util.concurrent.ThreadPoolExecutor$Worker.run(Unknown Source)
	at java.lang.Thread.run(Unknown Source)
... Removed 18 stack frames</pre></div><a href='#' onClick='toggleBox("stack-trace1196438300", this, "Click to show all stack frames", "Click to hide stack frames")'>Click to show all stack frames</a>
<div class='stack-trace' id='stack-trace1196438300'><pre>java.lang.NullPointerException
	at make_my_trip.Function_libraries.Screen_Report(Function_libraries.java:109)
	at make_my_trip.MMT_TestNGaa.Flush(MMT_TestNGaa.java:365)
	at sun.reflect.NativeMethodAccessorImpl.invoke0(Native Method)
	at sun.reflect.NativeMethodAccessorImpl.invoke(Unknown Source)
	at sun.reflect.DelegatingMethodAccessorImpl.invoke(Unknown Source)
	at java.lang.reflect.Method.invoke(Unknown Source)
	at org.testng.internal.MethodInvocationHelper.invokeMethod(MethodInvocationHelper.java:108)
	at org.testng.internal.Invoker.invokeConfigurationMethod(Invoker.java:523)
	at org.testng.internal.Invoker.invokeConfigurations(Invoker.java:224)
	at org.testng.internal.Invoker.invokeMethod(Invoker.java:723)
	at org.testng.internal.Invoker.invokeTestMethod(Invoker.java:869)
	at org.testng.internal.Invoker.invokeTestMethods(Invoker.java:1193)
	at org.testng.internal.TestMethodWorker.invokeTestMethods(TestMethodWorker.java:126)
	at org.testng.internal.TestMethodWorker.run(TestMethodWorker.java:109)
	at org.testng.TestRunner.privateRun(TestRunner.java:744)
	at org.testng.TestRunner.run(TestRunner.java:602)
	at org.testng.SuiteRunner.runTest(SuiteRunner.java:380)
	at org.testng.SuiteRunner.access$000(SuiteRunner.java:39)
	at org.testng.SuiteRunner$SuiteWorker.run(SuiteRunner.java:414)
	at org.testng.internal.thread.ThreadUtil$1.call(ThreadUtil.java:52)
	at java.util.concurrent.FutureTask.run(Unknown Source)
	at java.util.concurrent.ThreadPoolExecutor.runWorker(Unknown Source)
	at java.util.concurrent.ThreadPoolExecutor$Worker.run(Unknown Source)
	at java.lang.Thread.run(Unknown Source)
</pre></div></td>
<td>0</td>
<td>make_my_trip.MMT_TestNGaa@5cb9f472</td></tr>
<tr>
<td title='make_my_trip.MMT_TestNGaa.Passenger_details()'><b>Passenger_details</b><br>Test class: make_my_trip.MMT_TestNGaa</td>
<td><div><pre>java.lang.NullPointerException
	at make_my_trip.Function_libraries.Screen_Report(Function_libraries.java:109)
	at make_my_trip.MMT_TestNGaa.Flush(MMT_TestNGaa.java:365)
	at java.util.concurrent.FutureTask.run(Unknown Source)
	at java.util.concurrent.ThreadPoolExecutor.runWorker(Unknown Source)
	at java.util.concurrent.ThreadPoolExecutor$Worker.run(Unknown Source)
	at java.lang.Thread.run(Unknown Source)
... Removed 18 stack frames</pre></div><a href='#' onClick='toggleBox("stack-trace1784455153", this, "Click to show all stack frames", "Click to hide stack frames")'>Click to show all stack frames</a>
<div class='stack-trace' id='stack-trace1784455153'><pre>java.lang.NullPointerException
	at make_my_trip.Function_libraries.Screen_Report(Function_libraries.java:109)
	at make_my_trip.MMT_TestNGaa.Flush(MMT_TestNGaa.java:365)
	at sun.reflect.NativeMethodAccessorImpl.invoke0(Native Method)
	at sun.reflect.NativeMethodAccessorImpl.invoke(Unknown Source)
	at sun.reflect.DelegatingMethodAccessorImpl.invoke(Unknown Source)
	at java.lang.reflect.Method.invoke(Unknown Source)
	at org.testng.internal.MethodInvocationHelper.invokeMethod(MethodInvocationHelper.java:108)
	at org.testng.internal.Invoker.invokeConfigurationMethod(Invoker.java:523)
	at org.testng.internal.Invoker.invokeConfigurations(Invoker.java:224)
	at org.testng.internal.Invoker.invokeMethod(Invoker.java:723)
	at org.testng.internal.Invoker.invokeTestMethod(Invoker.java:869)
	at org.testng.internal.Invoker.invokeTestMethods(Invoker.java:1193)
	at org.testng.internal.TestMethodWorker.invokeTestMethods(TestMethodWorker.java:126)
	at org.testng.internal.TestMethodWorker.run(TestMethodWorker.java:109)
	at org.testng.TestRunner.privateRun(TestRunner.java:744)
	at org.testng.TestRunner.run(TestRunner.java:602)
	at org.testng.SuiteRunner.runTest(SuiteRunner.java:380)
	at org.testng.SuiteRunner.access$000(SuiteRunner.java:39)
	at org.testng.SuiteRunner$SuiteWorker.run(SuiteRunner.java:414)
	at org.testng.internal.thread.ThreadUtil$1.call(ThreadUtil.java:52)
	at java.util.concurrent.FutureTask.run(Unknown Source)
	at java.util.concurrent.ThreadPoolExecutor.runWorker(Unknown Source)
	at java.util.concurrent.ThreadPoolExecutor$Worker.run(Unknown Source)
	at java.lang.Thread.run(Unknown Source)
</pre></div></td>
<td>0</td>
<td>make_my_trip.MMT_TestNGaa@5cb9f472</td></tr>
<tr>
<td title='make_my_trip.MMT_TestNGaa.Payment_details()'><b>Payment_details</b><br>Test class: make_my_trip.MMT_TestNGaa</td>
<td><div><pre>java.lang.NullPointerException
	at make_my_trip.Function_libraries.Screen_Report(Function_libraries.java:109)
	at make_my_trip.MMT_TestNGaa.Flush(MMT_TestNGaa.java:365)
	at java.util.concurrent.FutureTask.run(Unknown Source)
	at java.util.concurrent.ThreadPoolExecutor.runWorker(Unknown Source)
	at java.util.concurrent.ThreadPoolExecutor$Worker.run(Unknown Source)
	at java.lang.Thread.run(Unknown Source)
... Removed 18 stack frames</pre></div><a href='#' onClick='toggleBox("stack-trace751999349", this, "Click to show all stack frames", "Click to hide stack frames")'>Click to show all stack frames</a>
<div class='stack-trace' id='stack-trace751999349'><pre>java.lang.NullPointerException
	at make_my_trip.Function_libraries.Screen_Report(Function_libraries.java:109)
	at make_my_trip.MMT_TestNGaa.Flush(MMT_TestNGaa.java:365)
	at sun.reflect.NativeMethodAccessorImpl.invoke0(Native Method)
	at sun.reflect.NativeMethodAccessorImpl.invoke(Unknown Source)
	at sun.reflect.DelegatingMethodAccessorImpl.invoke(Unknown Source)
	at java.lang.reflect.Method.invoke(Unknown Source)
	at org.testng.internal.MethodInvocationHelper.invokeMethod(MethodInvocationHelper.java:108)
	at org.testng.internal.Invoker.invokeConfigurationMethod(Invoker.java:523)
	at org.testng.internal.Invoker.invokeConfigurations(Invoker.java:224)
	at org.testng.internal.Invoker.invokeMethod(Invoker.java:723)
	at org.testng.internal.Invoker.invokeTestMethod(Invoker.java:869)
	at org.testng.internal.Invoker.invokeTestMethods(Invoker.java:1193)
	at org.testng.internal.TestMethodWorker.invokeTestMethods(TestMethodWorker.java:126)
	at org.testng.internal.TestMethodWorker.run(TestMethodWorker.java:109)
	at org.testng.TestRunner.privateRun(TestRunner.java:744)
	at org.testng.TestRunner.run(TestRunner.java:602)
	at org.testng.SuiteRunner.runTest(SuiteRunner.java:380)
	at org.testng.SuiteRunner.access$000(SuiteRunner.java:39)
	at org.testng.SuiteRunner$SuiteWorker.run(SuiteRunner.java:414)
	at org.testng.internal.thread.ThreadUtil$1.call(ThreadUtil.java:52)
	at java.util.concurrent.FutureTask.run(Unknown Source)
	at java.util.concurrent.ThreadPoolExecutor.runWorker(Unknown Source)
	at java.util.concurrent.ThreadPoolExecutor$Worker.run(Unknown Source)
	at java.lang.Thread.run(Unknown Source)
</pre></div></td>
<td>0</td>
<td>make_my_trip.MMT_TestNGaa@5cb9f472</td></tr>
</table><p>
</body>
</html>